2022-12-06 13:59:59,423 - Velocimacro : allowInlineToOverride = false : VMs defined inline may NOT replace previous VM definitions
2022-12-06 13:59:59,423 - Velocimacro : allowInlineLocal = false : VMs defined inline will be  global in scope if allowed.
2022-12-06 13:59:59,423 - Velocimacro : messages on  : VM system will output logging messages
2022-12-06 13:59:59,423 - Velocimacro : autoload off  : VM system will not automatically reload global library macros
2022-12-06 13:59:59,423 - Velocimacro : initialization complete.
2022-12-06 13:59:59,423 - Velocity successfully started.
2022-12-06 14:00:16,502 - ResourceManager : found repast/simphony/parameter/parameters.vt with loader org.apache.velocity.runtime.resource.loader.ClasspathResourceLoader
2022-12-06 14:00:57,123 - ResourceManager : found repast/simphony/parameter/parameters.vt with loader org.apache.velocity.runtime.resource.loader.ClasspathResourceLoader
2022-12-06 14:01:18,914 - SimpleLog4JLogSystem initialized using logfile 'velocity.log'
2022-12-06 14:01:18,915 - ************************************************************** 
2022-12-06 14:01:18,915 - Starting Jakarta Velocity v1.4
2022-12-06 14:01:18,915 - RuntimeInstance initializing.
2022-12-06 14:01:18,915 - Default Properties File: org/apache/velocity/runtime/defaults/velocity.properties
2022-12-06 14:01:18,915 - Trying to use logger class org.apache.velocity.runtime.log.SimpleLog4JLogSystem
2022-12-06 14:01:18,915 - Using logger class org.apache.velocity.runtime.log.SimpleLog4JLogSystem
2022-12-06 14:01:18,917 - Default ResourceManager initializing. (class org.apache.velocity.runtime.resource.ResourceManagerImpl)
2022-12-06 14:01:18,919 - Resource Loader Instantiated: org.apache.velocity.runtime.resource.loader.ClasspathResourceLoader
2022-12-06 14:01:18,919 - ClasspathResourceLoader : initialization starting.
2022-12-06 14:01:18,919 - ClasspathResourceLoader : initialization complete.
2022-12-06 14:01:18,920 - ResourceCache : initialized. (class org.apache.velocity.runtime.resource.ResourceCacheImpl)
2022-12-06 14:01:18,920 - Default ResourceManager initialization complete.
2022-12-06 14:01:18,921 - Loaded System Directive: org.apache.velocity.runtime.directive.Literal
2022-12-06 14:01:18,923 - Loaded System Directive: org.apache.velocity.runtime.directive.Macro
2022-12-06 14:01:18,924 - Loaded System Directive: org.apache.velocity.runtime.directive.Parse
2022-12-06 14:01:18,925 - Loaded System Directive: org.apache.velocity.runtime.directive.Include
2022-12-06 14:01:18,926 - Loaded System Directive: org.apache.velocity.runtime.directive.Foreach
2022-12-06 14:01:18,952 - Created: 20 parsers.
2022-12-06 14:01:18,955 - Velocimacro : initialization starting.
2022-12-06 14:01:18,955 - Velocimacro : adding VMs from VM library template : VM_global_library.vm
2022-12-06 14:01:18,957 - ResourceManager : unable to find resource 'VM_global_library.vm' in any resource loader.
2022-12-06 14:01:18,957 - Velocimacro : error using  VM library template VM_global_library.vm : org.apache.velocity.exception.ResourceNotFoundException: Unable to find resource 'VM_global_library.vm'
2022-12-06 14:01:18,957 - Velocimacro :  VM library template macro registration complete.
2022-12-06 14:01:18,957 - Velocimacro : allowInline = true : VMs can be defined inline in templates
2022-12-06 14:01:18,957 - Velocimacro : allowInlineToOverride = false : VMs defined inline may NOT replace previous VM definitions
2022-12-06 14:01:18,957 - Velocimacro : allowInlineLocal = false : VMs defined inline will be  global in scope if allowed.
2022-12-06 14:01:18,957 - Velocimacro : messages on  : VM system will output logging messages
2022-12-06 14:01:18,957 - Velocimacro : autoload off  : VM system will not automatically reload global library macros
2022-12-06 14:01:18,957 - Velocimacro : initialization complete.
2022-12-06 14:01:18,957 - Velocity successfully started.
2022-12-06 14:04:02,852 - SimpleLog4JLogSystem initialized using logfile 'velocity.log'
2022-12-06 14:04:02,853 - ************************************************************** 
2022-12-06 14:04:02,853 - Starting Jakarta Velocity v1.4
2022-12-06 14:04:02,853 - RuntimeInstance initializing.
2022-12-06 14:04:02,853 - Default Properties File: org/apache/velocity/runtime/defaults/velocity.properties
2022-12-06 14:04:02,853 - Trying to use logger class org.apache.velocity.runtime.log.SimpleLog4JLogSystem
2022-12-06 14:04:02,853 - Using logger class org.apache.velocity.runtime.log.SimpleLog4JLogSystem
2022-12-06 14:04:02,855 - Default ResourceManager initializing. (class org.apache.velocity.runtime.resource.ResourceManagerImpl)
2022-12-06 14:04:02,857 - Resource Loader Instantiated: org.apache.velocity.runtime.resource.loader.ClasspathResourceLoader
2022-12-06 14:04:02,857 - ClasspathResourceLoader : initialization starting.
2022-12-06 14:04:02,857 - ClasspathResourceLoader : initialization complete.
2022-12-06 14:04:02,858 - ResourceCache : initialized. (class org.apache.velocity.runtime.resource.ResourceCacheImpl)
2022-12-06 14:04:02,858 - Default ResourceManager initialization complete.
2022-12-06 14:04:02,859 - Loaded System Directive: org.apache.velocity.runtime.directive.Literal
2022-12-06 14:04:02,860 - Loaded System Directive: org.apache.velocity.runtime.directive.Macro
2022-12-06 14:04:02,861 - Loaded System Directive: org.apache.velocity.runtime.directive.Parse
2022-12-06 14:04:02,862 - Loaded System Directive: org.apache.velocity.runtime.directive.Include
2022-12-06 14:04:02,863 - Loaded System Directive: org.apache.velocity.runtime.directive.Foreach
2022-12-06 14:04:02,887 - Created: 20 parsers.
2022-12-06 14:04:02,890 - Velocimacro : initialization starting.
2022-12-06 14:04:02,890 - Velocimacro : adding VMs from VM library template : VM_global_library.vm
2022-12-06 14:04:02,892 - ResourceManager : unable to find resource 'VM_global_library.vm' in any resource loader.
2022-12-06 14:04:02,892 - Velocimacro : error using  VM library template VM_global_library.vm : org.apache.velocity.exception.ResourceNotFoundException: Unable to find resource 'VM_global_library.vm'
2022-12-06 14:04:02,892 - Velocimacro :  VM library template macro registration complete.
2022-12-06 14:04:02,892 - Velocimacro : allowInline = true : VMs can be defined inline in templates
2022-12-06 14:04:02,892 - Velocimacro : allowInlineToOverride = false : VMs defined inline may NOT replace previous VM definitions
2022-12-06 14:04:02,892 - Velocimacro : allowInlineLocal = false : VMs defined inline will be  global in scope if allowed.
2022-12-06 14:04:02,892 - Velocimacro : messages on  : VM system will output logging messages
2022-12-06 14:04:02,892 - Velocimacro : autoload off  : VM system will not automatically reload global library macros
2022-12-06 14:04:02,892 - Velocimacro : initialization complete.
2022-12-06 14:04:02,892 - Velocity successfully started.
2022-12-06 14:04:41,423 - ResourceManager : found repast/simphony/parameter/parameters.vt with loader org.apache.velocity.runtime.resource.loader.ClasspathResourceLoader
2022-12-06 14:05:14,749 - SimpleLog4JLogSystem initialized using logfile 'velocity.log'
2022-12-06 14:05:14,750 - ************************************************************** 
2022-12-06 14:05:14,750 - Starting Jakarta Velocity v1.4
2022-12-06 14:05:14,750 - RuntimeInstance initializing.
2022-12-06 14:05:14,750 - Default Properties File: org/apache/velocity/runtime/defaults/velocity.properties
2022-12-06 14:05:14,750 - Trying to use logger class org.apache.velocity.runtime.log.SimpleLog4JLogSystem
2022-12-06 14:05:14,750 - Using logger class org.apache.velocity.runtime.log.SimpleLog4JLogSystem
2022-12-06 14:05:14,752 - Default ResourceManager initializing. (class org.apache.velocity.runtime.resource.ResourceManagerImpl)
2022-12-06 14:05:14,754 - Resource Loader Instantiated: org.apache.velocity.runtime.resource.loader.ClasspathResourceLoader
2022-12-06 14:05:14,754 - ClasspathResourceLoader : initialization starting.
2022-12-06 14:05:14,754 - ClasspathResourceLoader : initialization complete.
2022-12-06 14:05:14,755 - ResourceCache : initialized. (class org.apache.velocity.runtime.resource.ResourceCacheImpl)
2022-12-06 14:05:14,755 - Default ResourceManager initialization complete.
2022-12-06 14:05:14,756 - Loaded System Directive: org.apache.velocity.runtime.directive.Literal
2022-12-06 14:05:14,757 - Loaded System Directive: org.apache.velocity.runtime.directive.Macro
2022-12-06 14:05:14,759 - Loaded System Directive: org.apache.velocity.runtime.directive.Parse
2022-12-06 14:05:14,760 - Loaded System Directive: org.apache.velocity.runtime.directive.Include
2022-12-06 14:05:14,760 - Loaded System Directive: org.apache.velocity.runtime.directive.Foreach
2022-12-06 14:05:14,785 - Created: 20 parsers.
2022-12-06 14:05:14,788 - Velocimacro : initialization starting.
2022-12-06 14:05:14,788 - Velocimacro : adding VMs from VM library template : VM_global_library.vm
2022-12-06 14:05:14,790 - ResourceManager : unable to find resource 'VM_global_library.vm' in any resource loader.
2022-12-06 14:05:14,790 - Velocimacro : error using  VM library template VM_global_library.vm : org.apache.velocity.exception.ResourceNotFoundException: Unable to find resource 'VM_global_library.vm'
2022-12-06 14:05:14,790 - Velocimacro :  VM library template macro registration complete.
2022-12-06 14:05:14,790 - Velocimacro : allowInline = true : VMs can be defined inline in templates
2022-12-06 14:05:14,790 - Velocimacro : allowInlineToOverride = false : VMs defined inline may NOT replace previous VM definitions
2022-12-06 14:05:14,790 - Velocimacro : allowInlineLocal = false : VMs defined inline will be  global in scope if allowed.
2022-12-06 14:05:14,790 - Velocimacro : messages on  : VM system will output logging messages
2022-12-06 14:05:14,790 - Velocimacro : autoload off  : VM system will not automatically reload global library macros
2022-12-06 14:05:14,790 - Velocimacro : initialization complete.
2022-12-06 14:05:14,790 - Velocity successfully started.
2022-12-06 14:06:09,956 - SimpleLog4JLogSystem initialized using logfile 'velocity.log'
2022-12-06 14:06:09,957 - ************************************************************** 
2022-12-06 14:06:09,957 - Starting Jakarta Velocity v1.4
2022-12-06 14:06:09,958 - RuntimeInstance initializing.
2022-12-06 14:06:09,958 - Default Properties File: org/apache/velocity/runtime/defaults/velocity.properties
2022-12-06 14:06:09,958 - Trying to use logger class org.apache.velocity.runtime.log.SimpleLog4JLogSystem
2022-12-06 14:06:09,958 - Using logger class org.apache.velocity.runtime.log.SimpleLog4JLogSystem
2022-12-06 14:06:09,959 - Default ResourceManager initializing. (class org.apache.velocity.runtime.resource.ResourceManagerImpl)
2022-12-06 14:06:09,961 - Resource Loader Instantiated: org.apache.velocity.runtime.resource.loader.ClasspathResourceLoader
2022-12-06 14:06:09,961 - ClasspathResourceLoader : initialization starting.
2022-12-06 14:06:09,961 - ClasspathResourceLoader : initialization complete.
2022-12-06 14:06:09,962 - ResourceCache : initialized. (class org.apache.velocity.runtime.resource.ResourceCacheImpl)
2022-12-06 14:06:09,962 - Default ResourceManager initialization complete.
2022-12-06 14:06:09,963 - Loaded System Directive: org.apache.velocity.runtime.directive.Literal
2022-12-06 14:06:09,964 - Loaded System Directive: org.apache.velocity.runtime.directive.Macro
2022-12-06 14:06:09,966 - Loaded System Directive: org.apache.velocity.runtime.directive.Parse
2022-12-06 14:06:09,967 - Loaded System Directive: org.apache.velocity.runtime.directive.Include
2022-12-06 14:06:09,968 - Loaded System Directive: org.apache.velocity.runtime.directive.Foreach
2022-12-06 14:06:09,993 - Created: 20 parsers.
2022-12-06 14:06:09,996 - Velocimacro : initialization starting.
2022-12-06 14:06:09,996 - Velocimacro : adding VMs from VM library template : VM_global_library.vm
2022-12-06 14:06:09,999 - ResourceManager : unable to find resource 'VM_global_library.vm' in any resource loader.
2022-12-06 14:06:09,999 - Velocimacro : error using  VM library template VM_global_library.vm : org.apache.velocity.exception.ResourceNotFoundException: Unable to find resource 'VM_global_library.vm'
2022-12-06 14:06:09,999 - Velocimacro :  VM library template macro registration complete.
2022-12-06 14:06:09,999 - Velocimacro : allowInline = true : VMs can be defined inline in templates
2022-12-06 14:06:09,999 - Velocimacro : allowInlineToOverride = false : VMs defined inline may NOT replace previous VM definitions
2022-12-06 14:06:09,999 - Velocimacro : allowInlineLocal = false : VMs defined inline will be  global in scope if allowed.
2022-12-06 14:06:09,999 - Velocimacro : messages on  : VM system will output logging messages
2022-12-06 14:06:09,999 - Velocimacro : autoload off  : VM system will not automatically reload global library macros
2022-12-06 14:06:09,999 - Velocimacro : initialization complete.
2022-12-06 14:06:09,999 - Velocity successfully started.
2022-12-06 14:07:18,254 - SimpleLog4JLogSystem initialized using logfile 'velocity.log'
2022-12-06 14:07:18,255 - ************************************************************** 
2022-12-06 14:07:18,255 - Starting Jakarta Velocity v1.4
2022-12-06 14:07:18,255 - RuntimeInstance initializing.
2022-12-06 14:07:18,255 - Default Properties File: org/apache/velocity/runtime/defaults/velocity.properties
2022-12-06 14:07:18,255 - Trying to use logger class org.apache.velocity.runtime.log.SimpleLog4JLogSystem
2022-12-06 14:07:18,255 - Using logger class org.apache.velocity.runtime.log.SimpleLog4JLogSystem
2022-12-06 14:07:18,256 - Default ResourceManager initializing. (class org.apache.velocity.runtime.resource.ResourceManagerImpl)
2022-12-06 14:07:18,258 - Resource Loader Instantiated: org.apache.velocity.runtime.resource.loader.ClasspathResourceLoader
2022-12-06 14:07:18,258 - ClasspathResourceLoader : initialization starting.
2022-12-06 14:07:18,258 - ClasspathResourceLoader : initialization complete.
2022-12-06 14:07:18,259 - ResourceCache : initialized. (class org.apache.velocity.runtime.resource.ResourceCacheImpl)
2022-12-06 14:07:18,259 - Default ResourceManager initialization complete.
2022-12-06 14:07:18,260 - Loaded System Directive: org.apache.velocity.runtime.directive.Literal
2022-12-06 14:07:18,261 - Loaded System Directive: org.apache.velocity.runtime.directive.Macro
2022-12-06 14:07:18,262 - Loaded System Directive: org.apache.velocity.runtime.directive.Parse
2022-12-06 14:07:18,263 - Loaded System Directive: org.apache.velocity.runtime.directive.Include
2022-12-06 14:07:18,264 - Loaded System Directive: org.apache.velocity.runtime.directive.Foreach
2022-12-06 14:07:18,288 - Created: 20 parsers.
2022-12-06 14:07:18,292 - Velocimacro : initialization starting.
2022-12-06 14:07:18,292 - Velocimacro : adding VMs from VM library template : VM_global_library.vm
2022-12-06 14:07:18,294 - ResourceManager : unable to find resource 'VM_global_library.vm' in any resource loader.
2022-12-06 14:07:18,294 - Velocimacro : error using  VM library template VM_global_library.vm : org.apache.velocity.exception.ResourceNotFoundException: Unable to find resource 'VM_global_library.vm'
2022-12-06 14:07:18,294 - Velocimacro :  VM library template macro registration complete.
2022-12-06 14:07:18,294 - Velocimacro : allowInline = true : VMs can be defined inline in templates
2022-12-06 14:07:18,294 - Velocimacro : allowInlineToOverride = false : VMs defined inline may NOT replace previous VM definitions
2022-12-06 14:07:18,294 - Velocimacro : allowInlineLocal = false : VMs defined inline will be  global in scope if allowed.
2022-12-06 14:07:18,294 - Velocimacro : messages on  : VM system will output logging messages
2022-12-06 14:07:18,294 - Velocimacro : autoload off  : VM system will not automatically reload global library macros
2022-12-06 14:07:18,294 - Velocimacro : initialization complete.
2022-12-06 14:07:18,294 - Velocity successfully started.
2022-12-06 14:09:03,162 - ResourceManager : found repast/simphony/parameter/parameters.vt with loader org.apache.velocity.runtime.resource.loader.ClasspathResourceLoader
2022-12-06 14:09:11,201 - ResourceManager : found repast/simphony/parameter/parameters.vt with loader org.apache.velocity.runtime.resource.loader.ClasspathResourceLoader
2022-12-06 14:20:12,411 - SimpleLog4JLogSystem initialized using logfile 'velocity.log'
2022-12-06 14:20:12,412 - ************************************************************** 
2022-12-06 14:20:12,412 - Starting Jakarta Velocity v1.4
2022-12-06 14:20:12,412 - RuntimeInstance initializing.
2022-12-06 14:20:12,412 - Default Properties File: org/apache/velocity/runtime/defaults/velocity.properties
2022-12-06 14:20:12,412 - Trying to use logger class org.apache.velocity.runtime.log.SimpleLog4JLogSystem
2022-12-06 14:20:12,412 - Using logger class org.apache.velocity.runtime.log.SimpleLog4JLogSystem
2022-12-06 14:20:12,414 - Default ResourceManager initializing. (class org.apache.velocity.runtime.resource.ResourceManagerImpl)
2022-12-06 14:20:12,415 - Resource Loader Instantiated: org.apache.velocity.runtime.resource.loader.ClasspathResourceLoader
2022-12-06 14:20:12,415 - ClasspathResourceLoader : initialization starting.
2022-12-06 14:20:12,415 - ClasspathResourceLoader : initialization complete.
2022-12-06 14:20:12,416 - ResourceCache : initialized. (class org.apache.velocity.runtime.resource.ResourceCacheImpl)
2022-12-06 14:20:12,416 - Default ResourceManager initialization complete.
2022-12-06 14:20:12,417 - Loaded System Directive: org.apache.velocity.runtime.directive.Literal
2022-12-06 14:20:12,418 - Loaded System Directive: org.apache.velocity.runtime.directive.Macro
2022-12-06 14:20:12,420 - Loaded System Directive: org.apache.velocity.runtime.directive.Parse
2022-12-06 14:20:12,421 - Loaded System Directive: org.apache.velocity.runtime.directive.Include
2022-12-06 14:20:12,422 - Loaded System Directive: org.apache.velocity.runtime.directive.Foreach
2022-12-06 14:20:12,446 - Created: 20 parsers.
2022-12-06 14:20:12,449 - Velocimacro : initialization starting.
2022-12-06 14:20:12,449 - Velocimacro : adding VMs from VM library template : VM_global_library.vm
2022-12-06 14:20:12,452 - ResourceManager : unable to find resource 'VM_global_library.vm' in any resource loader.
2022-12-06 14:20:12,452 - Velocimacro : error using  VM library template VM_global_library.vm : org.apache.velocity.exception.ResourceNotFoundException: Unable to find resource 'VM_global_library.vm'
2022-12-06 14:20:12,452 - Velocimacro :  VM library template macro registration complete.
2022-12-06 14:20:12,452 - Velocimacro : allowInline = true : VMs can be defined inline in templates
2022-12-06 14:20:12,452 - Velocimacro : allowInlineToOverride = false : VMs defined inline may NOT replace previous VM definitions
2022-12-06 14:20:12,452 - Velocimacro : allowInlineLocal = false : VMs defined inline will be  global in scope if allowed.
2022-12-06 14:20:12,452 - Velocimacro : messages on  : VM system will output logging messages
2022-12-06 14:20:12,452 - Velocimacro : autoload off  : VM system will not automatically reload global library macros
2022-12-06 14:20:12,452 - Velocimacro : initialization complete.
2022-12-06 14:20:12,452 - Velocity successfully started.
2022-12-06 14:21:39,829 - SimpleLog4JLogSystem initialized using logfile 'velocity.log'
2022-12-06 14:21:39,830 - ************************************************************** 
2022-12-06 14:21:39,830 - Starting Jakarta Velocity v1.4
2022-12-06 14:21:39,830 - RuntimeInstance initializing.
2022-12-06 14:21:39,830 - Default Properties File: org/apache/velocity/runtime/defaults/velocity.properties
2022-12-06 14:21:39,830 - Trying to use logger class org.apache.velocity.runtime.log.SimpleLog4JLogSystem
2022-12-06 14:21:39,830 - Using logger class org.apache.velocity.runtime.log.SimpleLog4JLogSystem
2022-12-06 14:21:39,832 - Default ResourceManager initializing. (class org.apache.velocity.runtime.resource.ResourceManagerImpl)
2022-12-06 14:21:39,834 - Resource Loader Instantiated: org.apache.velocity.runtime.resource.loader.ClasspathResourceLoader
2022-12-06 14:21:39,834 - ClasspathResourceLoader : initialization starting.
2022-12-06 14:21:39,834 - ClasspathResourceLoader : initialization complete.
2022-12-06 14:21:39,835 - ResourceCache : initialized. (class org.apache.velocity.runtime.resource.ResourceCacheImpl)
2022-12-06 14:21:39,836 - Default ResourceManager initialization complete.
2022-12-06 14:21:39,837 - Loaded System Directive: org.apache.velocity.runtime.directive.Literal
2022-12-06 14:21:39,838 - Loaded System Directive: org.apache.velocity.runtime.directive.Macro
2022-12-06 14:21:39,839 - Loaded System Directive: org.apache.velocity.runtime.directive.Parse
2022-12-06 14:21:39,840 - Loaded System Directive: org.apache.velocity.runtime.directive.Include
2022-12-06 14:21:39,841 - Loaded System Directive: org.apache.velocity.runtime.directive.Foreach
2022-12-06 14:21:39,867 - Created: 20 parsers.
2022-12-06 14:21:39,871 - Velocimacro : initialization starting.
2022-12-06 14:21:39,871 - Velocimacro : adding VMs from VM library template : VM_global_library.vm
2022-12-06 14:21:39,873 - ResourceManager : unable to find resource 'VM_global_library.vm' in any resource loader.
2022-12-06 14:21:39,873 - Velocimacro : error using  VM library template VM_global_library.vm : org.apache.velocity.exception.ResourceNotFoundException: Unable to find resource 'VM_global_library.vm'
2022-12-06 14:21:39,873 - Velocimacro :  VM library template macro registration complete.
2022-12-06 14:21:39,873 - Velocimacro : allowInline = true : VMs can be defined inline in templates
2022-12-06 14:21:39,873 - Velocimacro : allowInlineToOverride = false : VMs defined inline may NOT replace previous VM definitions
2022-12-06 14:21:39,873 - Velocimacro : allowInlineLocal = false : VMs defined inline will be  global in scope if allowed.
2022-12-06 14:21:39,873 - Velocimacro : messages on  : VM system will output logging messages
2022-12-06 14:21:39,873 - Velocimacro : autoload off  : VM system will not automatically reload global library macros
2022-12-06 14:21:39,873 - Velocimacro : initialization complete.
2022-12-06 14:21:39,873 - Velocity successfully started.
2022-12-06 14:22:36,030 - SimpleLog4JLogSystem initialized using logfile 'velocity.log'
2022-12-06 14:22:36,031 - ************************************************************** 
2022-12-06 14:22:36,031 - Starting Jakarta Velocity v1.4
2022-12-06 14:22:36,031 - RuntimeInstance initializing.
2022-12-06 14:22:36,031 - Default Properties File: org/apache/velocity/runtime/defaults/velocity.properties
2022-12-06 14:22:36,031 - Trying to use logger class org.apache.velocity.runtime.log.SimpleLog4JLogSystem
2022-12-06 14:22:36,031 - Using logger class org.apache.velocity.runtime.log.SimpleLog4JLogSystem
2022-12-06 14:22:36,033 - Default ResourceManager initializing. (class org.apache.velocity.runtime.resource.ResourceManagerImpl)
2022-12-06 14:22:36,035 - Resource Loader Instantiated: org.apache.velocity.runtime.resource.loader.ClasspathResourceLoader
2022-12-06 14:22:36,035 - ClasspathResourceLoader : initialization starting.
2022-12-06 14:22:36,035 - ClasspathResourceLoader : initialization complete.
2022-12-06 14:22:36,036 - ResourceCache : initialized. (class org.apache.velocity.runtime.resource.ResourceCacheImpl)
2022-12-06 14:22:36,036 - Default ResourceManager initialization complete.
2022-12-06 14:22:36,038 - Loaded System Directive: org.apache.velocity.runtime.directive.Literal
2022-12-06 14:22:36,039 - Loaded System Directive: org.apache.velocity.runtime.directive.Macro
2022-12-06 14:22:36,042 - Loaded System Directive: org.apache.velocity.runtime.directive.Parse
2022-12-06 14:22:36,043 - Loaded System Directive: org.apache.velocity.runtime.directive.Include
2022-12-06 14:22:36,044 - Loaded System Directive: org.apache.velocity.runtime.directive.Foreach
2022-12-06 14:22:36,072 - Created: 20 parsers.
2022-12-06 14:22:36,078 - Velocimacro : initialization starting.
2022-12-06 14:22:36,078 - Velocimacro : adding VMs from VM library template : VM_global_library.vm
2022-12-06 14:22:36,080 - ResourceManager : unable to find resource 'VM_global_library.vm' in any resource loader.
2022-12-06 14:22:36,080 - Velocimacro : error using  VM library template VM_global_library.vm : org.apache.velocity.exception.ResourceNotFoundException: Unable to find resource 'VM_global_library.vm'
2022-12-06 14:22:36,080 - Velocimacro :  VM library template macro registration complete.
2022-12-06 14:22:36,080 - Velocimacro : allowInline = true : VMs can be defined inline in templates
2022-12-06 14:22:36,080 - Velocimacro : allowInlineToOverride = false : VMs defined inline may NOT replace previous VM definitions
2022-12-06 14:22:36,080 - Velocimacro : allowInlineLocal = false : VMs defined inline will be  global in scope if allowed.
2022-12-06 14:22:36,080 - Velocimacro : messages on  : VM system will output logging messages
2022-12-06 14:22:36,080 - Velocimacro : autoload off  : VM system will not automatically reload global library macros
2022-12-06 14:22:36,080 - Velocimacro : initialization complete.
2022-12-06 14:22:36,080 - Velocity successfully started.
2022-12-06 14:26:01,705 - SimpleLog4JLogSystem initialized using logfile 'velocity.log'
2022-12-06 14:26:01,705 - ************************************************************** 
2022-12-06 14:26:01,705 - Starting Jakarta Velocity v1.4
2022-12-06 14:26:01,705 - RuntimeInstance initializing.
2022-12-06 14:26:01,705 - Default Properties File: org/apache/velocity/runtime/defaults/velocity.properties
2022-12-06 14:26:01,705 - Trying to use logger class org.apache.velocity.runtime.log.SimpleLog4JLogSystem
2022-12-06 14:26:01,705 - Using logger class org.apache.velocity.runtime.log.SimpleLog4JLogSystem
2022-12-06 14:26:01,707 - Default ResourceManager initializing. (class org.apache.velocity.runtime.resource.ResourceManagerImpl)
2022-12-06 14:26:01,709 - Resource Loader Instantiated: org.apache.velocity.runtime.resource.loader.ClasspathResourceLoader
2022-12-06 14:26:01,709 - ClasspathResourceLoader : initialization starting.
2022-12-06 14:26:01,709 - ClasspathResourceLoader : initialization complete.
2022-12-06 14:26:01,710 - ResourceCache : initialized. (class org.apache.velocity.runtime.resource.ResourceCacheImpl)
2022-12-06 14:26:01,710 - Default ResourceManager initialization complete.
2022-12-06 14:26:01,711 - Loaded System Directive: org.apache.velocity.runtime.directive.Literal
2022-12-06 14:26:01,712 - Loaded System Directive: org.apache.velocity.runtime.directive.Macro
2022-12-06 14:26:01,713 - Loaded System Directive: org.apache.velocity.runtime.directive.Parse
2022-12-06 14:26:01,714 - Loaded System Directive: org.apache.velocity.runtime.directive.Include
2022-12-06 14:26:01,715 - Loaded System Directive: org.apache.velocity.runtime.directive.Foreach
2022-12-06 14:26:01,739 - Created: 20 parsers.
2022-12-06 14:26:01,742 - Velocimacro : initialization starting.
2022-12-06 14:26:01,743 - Velocimacro : adding VMs from VM library template : VM_global_library.vm
2022-12-06 14:26:01,745 - ResourceManager : unable to find resource 'VM_global_library.vm' in any resource loader.
2022-12-06 14:26:01,745 - Velocimacro : error using  VM library template VM_global_library.vm : org.apache.velocity.exception.ResourceNotFoundException: Unable to find resource 'VM_global_library.vm'
2022-12-06 14:26:01,745 - Velocimacro :  VM library template macro registration complete.
2022-12-06 14:26:01,745 - Velocimacro : allowInline = true : VMs can be defined inline in templates
2022-12-06 14:26:01,745 - Velocimacro : allowInlineToOverride = false : VMs defined inline may NOT replace previous VM definitions
2022-12-06 14:26:01,745 - Velocimacro : allowInlineLocal = false : VMs defined inline will be  global in scope if allowed.
2022-12-06 14:26:01,745 - Velocimacro : messages on  : VM system will output logging messages
2022-12-06 14:26:01,745 - Velocimacro : autoload off  : VM system will not automatically reload global library macros
2022-12-06 14:26:01,745 - Velocimacro : initialization complete.
2022-12-06 14:26:01,745 - Velocity successfully started.
2022-12-06 14:39:41,140 - SimpleLog4JLogSystem initialized using logfile 'velocity.log'
2022-12-06 14:39:41,142 - ************************************************************** 
2022-12-06 14:39:41,142 - Starting Jakarta Velocity v1.4
2022-12-06 14:39:41,142 - RuntimeInstance initializing.
2022-12-06 14:39:41,142 - Default Properties File: org/apache/velocity/runtime/defaults/velocity.properties
2022-12-06 14:39:41,142 - Trying to use logger class org.apache.velocity.runtime.log.SimpleLog4JLogSystem
2022-12-06 14:39:41,142 - Using logger class org.apache.velocity.runtime.log.SimpleLog4JLogSystem
2022-12-06 14:39:41,144 - Default ResourceManager initializing. (class org.apache.velocity.runtime.resource.ResourceManagerImpl)
2022-12-06 14:39:41,146 - Resource Loader Instantiated: org.apache.velocity.runtime.resource.loader.ClasspathResourceLoader
2022-12-06 14:39:41,146 - ClasspathResourceLoader : initialization starting.
2022-12-06 14:39:41,146 - ClasspathResourceLoader : initialization complete.
2022-12-06 14:39:41,147 - ResourceCache : initialized. (class org.apache.velocity.runtime.resource.ResourceCacheImpl)
2022-12-06 14:39:41,147 - Default ResourceManager initialization complete.
2022-12-06 14:39:41,148 - Loaded System Directive: org.apache.velocity.runtime.directive.Literal
2022-12-06 14:39:41,150 - Loaded System Directive: org.apache.velocity.runtime.directive.Macro
2022-12-06 14:39:41,151 - Loaded System Directive: org.apache.velocity.runtime.directive.Parse
2022-12-06 14:39:41,152 - Loaded System Directive: org.apache.velocity.runtime.directive.Include
2022-12-06 14:39:41,153 - Loaded System Directive: org.apache.velocity.runtime.directive.Foreach
2022-12-06 14:39:41,180 - Created: 20 parsers.
2022-12-06 14:39:41,183 - Velocimacro : initialization starting.
2022-12-06 14:39:41,183 - Velocimacro : adding VMs from VM library template : VM_global_library.vm
2022-12-06 14:39:41,185 - ResourceManager : unable to find resource 'VM_global_library.vm' in any resource loader.
2022-12-06 14:39:41,185 - Velocimacro : error using  VM library template VM_global_library.vm : org.apache.velocity.exception.ResourceNotFoundException: Unable to find resource 'VM_global_library.vm'
2022-12-06 14:39:41,185 - Velocimacro :  VM library template macro registration complete.
2022-12-06 14:39:41,185 - Velocimacro : allowInline = true : VMs can be defined inline in templates
2022-12-06 14:39:41,185 - Velocimacro : allowInlineToOverride = false : VMs defined inline may NOT replace previous VM definitions
2022-12-06 14:39:41,185 - Velocimacro : allowInlineLocal = false : VMs defined inline will be  global in scope if allowed.
2022-12-06 14:39:41,185 - Velocimacro : messages on  : VM system will output logging messages
2022-12-06 14:39:41,185 - Velocimacro : autoload off  : VM system will not automatically reload global library macros
2022-12-06 14:39:41,185 - Velocimacro : initialization complete.
2022-12-06 14:39:41,186 - Velocity successfully started.
2022-12-06 14:40:42,672 - ResourceManager : found repast/simphony/scenario/Scenario.vt with loader org.apache.velocity.runtime.resource.loader.ClasspathResourceLoader
2022-12-06 14:43:34,286 - SimpleLog4JLogSystem initialized using logfile 'velocity.log'
2022-12-06 14:43:34,287 - ************************************************************** 
2022-12-06 14:43:34,287 - Starting Jakarta Velocity v1.4
2022-12-06 14:43:34,287 - RuntimeInstance initializing.
2022-12-06 14:43:34,287 - Default Properties File: org/apache/velocity/runtime/defaults/velocity.properties
2022-12-06 14:43:34,287 - Trying to use logger class org.apache.velocity.runtime.log.SimpleLog4JLogSystem
2022-12-06 14:43:34,287 - Using logger class org.apache.velocity.runtime.log.SimpleLog4JLogSystem
2022-12-06 14:43:34,289 - Default ResourceManager initializing. (class org.apache.velocity.runtime.resource.ResourceManagerImpl)
2022-12-06 14:43:34,291 - Resource Loader Instantiated: org.apache.velocity.runtime.resource.loader.ClasspathResourceLoader
2022-12-06 14:43:34,291 - ClasspathResourceLoader : initialization starting.
2022-12-06 14:43:34,291 - ClasspathResourceLoader : initialization complete.
2022-12-06 14:43:34,292 - ResourceCache : initialized. (class org.apache.velocity.runtime.resource.ResourceCacheImpl)
2022-12-06 14:43:34,292 - Default ResourceManager initialization complete.
2022-12-06 14:43:34,293 - Loaded System Directive: org.apache.velocity.runtime.directive.Literal
2022-12-06 14:43:34,295 - Loaded System Directive: org.apache.velocity.runtime.directive.Macro
2022-12-06 14:43:34,296 - Loaded System Directive: org.apache.velocity.runtime.directive.Parse
2022-12-06 14:43:34,297 - Loaded System Directive: org.apache.velocity.runtime.directive.Include
2022-12-06 14:43:34,298 - Loaded System Directive: org.apache.velocity.runtime.directive.Foreach
2022-12-06 14:43:34,323 - Created: 20 parsers.
2022-12-06 14:43:34,327 - Velocimacro : initialization starting.
2022-12-06 14:43:34,327 - Velocimacro : adding VMs from VM library template : VM_global_library.vm
2022-12-06 14:43:34,330 - ResourceManager : unable to find resource 'VM_global_library.vm' in any resource loader.
2022-12-06 14:43:34,330 - Velocimacro : error using  VM library template VM_global_library.vm : org.apache.velocity.exception.ResourceNotFoundException: Unable to find resource 'VM_global_library.vm'
2022-12-06 14:43:34,330 - Velocimacro :  VM library template macro registration complete.
2022-12-06 14:43:34,330 - Velocimacro : allowInline = true : VMs can be defined inline in templates
2022-12-06 14:43:34,330 - Velocimacro : allowInlineToOverride = false : VMs defined inline may NOT replace previous VM definitions
2022-12-06 14:43:34,330 - Velocimacro : allowInlineLocal = false : VMs defined inline will be  global in scope if allowed.
2022-12-06 14:43:34,330 - Velocimacro : messages on  : VM system will output logging messages
2022-12-06 14:43:34,330 - Velocimacro : autoload off  : VM system will not automatically reload global library macros
2022-12-06 14:43:34,330 - Velocimacro : initialization complete.
2022-12-06 14:43:34,330 - Velocity successfully started.
2022-12-06 14:46:39,763 - SimpleLog4JLogSystem initialized using logfile 'velocity.log'
2022-12-06 14:46:39,763 - ************************************************************** 
2022-12-06 14:46:39,763 - Starting Jakarta Velocity v1.4
2022-12-06 14:46:39,763 - RuntimeInstance initializing.
2022-12-06 14:46:39,763 - Default Properties File: org/apache/velocity/runtime/defaults/velocity.properties
2022-12-06 14:46:39,763 - Trying to use logger class org.apache.velocity.runtime.log.SimpleLog4JLogSystem
2022-12-06 14:46:39,763 - Using logger class org.apache.velocity.runtime.log.SimpleLog4JLogSystem
2022-12-06 14:46:39,765 - Default ResourceManager initializing. (class org.apache.velocity.runtime.resource.ResourceManagerImpl)
2022-12-06 14:46:39,767 - Resource Loader Instantiated: org.apache.velocity.runtime.resource.loader.ClasspathResourceLoader
2022-12-06 14:46:39,767 - ClasspathResourceLoader : initialization starting.
2022-12-06 14:46:39,768 - ClasspathResourceLoader : initialization complete.
2022-12-06 14:46:39,768 - ResourceCache : initialized. (class org.apache.velocity.runtime.resource.ResourceCacheImpl)
2022-12-06 14:46:39,769 - Default ResourceManager initialization complete.
2022-12-06 14:46:39,770 - Loaded System Directive: org.apache.velocity.runtime.directive.Literal
2022-12-06 14:46:39,771 - Loaded System Directive: org.apache.velocity.runtime.directive.Macro
2022-12-06 14:46:39,772 - Loaded System Directive: org.apache.velocity.runtime.directive.Parse
2022-12-06 14:46:39,773 - Loaded System Directive: org.apache.velocity.runtime.directive.Include
2022-12-06 14:46:39,774 - Loaded System Directive: org.apache.velocity.runtime.directive.Foreach
2022-12-06 14:46:39,798 - Created: 20 parsers.
2022-12-06 14:46:39,801 - Velocimacro : initialization starting.
2022-12-06 14:46:39,802 - Velocimacro : adding VMs from VM library template : VM_global_library.vm
2022-12-06 14:46:39,804 - ResourceManager : unable to find resource 'VM_global_library.vm' in any resource loader.
2022-12-06 14:46:39,804 - Velocimacro : error using  VM library template VM_global_library.vm : org.apache.velocity.exception.ResourceNotFoundException: Unable to find resource 'VM_global_library.vm'
2022-12-06 14:46:39,804 - Velocimacro :  VM library template macro registration complete.
2022-12-06 14:46:39,804 - Velocimacro : allowInline = true : VMs can be defined inline in templates
2022-12-06 14:46:39,804 - Velocimacro : allowInlineToOverride = false : VMs defined inline may NOT replace previous VM definitions
2022-12-06 14:46:39,804 - Velocimacro : allowInlineLocal = false : VMs defined inline will be  global in scope if allowed.
2022-12-06 14:46:39,804 - Velocimacro : messages on  : VM system will output logging messages
2022-12-06 14:46:39,804 - Velocimacro : autoload off  : VM system will not automatically reload global library macros
2022-12-06 14:46:39,804 - Velocimacro : initialization complete.
2022-12-06 14:46:39,804 - Velocity successfully started.
2022-12-06 20:37:46,058 - SimpleLog4JLogSystem initialized using logfile 'velocity.log'
2022-12-06 20:37:46,060 - ************************************************************** 
2022-12-06 20:37:46,060 - Starting Jakarta Velocity v1.4
2022-12-06 20:37:46,060 - RuntimeInstance initializing.
2022-12-06 20:37:46,060 - Default Properties File: org/apache/velocity/runtime/defaults/velocity.properties
2022-12-06 20:37:46,060 - Trying to use logger class org.apache.velocity.runtime.log.SimpleLog4JLogSystem
2022-12-06 20:37:46,060 - Using logger class org.apache.velocity.runtime.log.SimpleLog4JLogSystem
2022-12-06 20:37:46,063 - Default ResourceManager initializing. (class org.apache.velocity.runtime.resource.ResourceManagerImpl)
2022-12-06 20:37:46,067 - Resource Loader Instantiated: org.apache.velocity.runtime.resource.loader.ClasspathResourceLoader
2022-12-06 20:37:46,067 - ClasspathResourceLoader : initialization starting.
2022-12-06 20:37:46,067 - ClasspathResourceLoader : initialization complete.
2022-12-06 20:37:46,068 - ResourceCache : initialized. (class org.apache.velocity.runtime.resource.ResourceCacheImpl)
2022-12-06 20:37:46,068 - Default ResourceManager initialization complete.
2022-12-06 20:37:46,071 - Loaded System Directive: org.apache.velocity.runtime.directive.Literal
2022-12-06 20:37:46,073 - Loaded System Directive: org.apache.velocity.runtime.directive.Macro
2022-12-06 20:37:46,074 - Loaded System Directive: org.apache.velocity.runtime.directive.Parse
2022-12-06 20:37:46,077 - Loaded System Directive: org.apache.velocity.runtime.directive.Include
2022-12-06 20:37:46,078 - Loaded System Directive: org.apache.velocity.runtime.directive.Foreach
2022-12-06 20:37:46,114 - Created: 20 parsers.
2022-12-06 20:37:46,119 - Velocimacro : initialization starting.
2022-12-06 20:37:46,119 - Velocimacro : adding VMs from VM library template : VM_global_library.vm
2022-12-06 20:37:46,121 - ResourceManager : unable to find resource 'VM_global_library.vm' in any resource loader.
2022-12-06 20:37:46,121 - Velocimacro : error using  VM library template VM_global_library.vm : org.apache.velocity.exception.ResourceNotFoundException: Unable to find resource 'VM_global_library.vm'
2022-12-06 20:37:46,121 - Velocimacro :  VM library template macro registration complete.
2022-12-06 20:37:46,121 - Velocimacro : allowInline = true : VMs can be defined inline in templates
2022-12-06 20:37:46,121 - Velocimacro : allowInlineToOverride = false : VMs defined inline may NOT replace previous VM definitions
2022-12-06 20:37:46,121 - Velocimacro : allowInlineLocal = false : VMs defined inline will be  global in scope if allowed.
2022-12-06 20:37:46,121 - Velocimacro : messages on  : VM system will output logging messages
2022-12-06 20:37:46,121 - Velocimacro : autoload off  : VM system will not automatically reload global library macros
2022-12-06 20:37:46,121 - Velocimacro : initialization complete.
2022-12-06 20:37:46,121 - Velocity successfully started.
2022-12-06 20:39:10,963 - SimpleLog4JLogSystem initialized using logfile 'velocity.log'
2022-12-06 20:39:10,965 - ************************************************************** 
2022-12-06 20:39:10,965 - Starting Jakarta Velocity v1.4
2022-12-06 20:39:10,965 - RuntimeInstance initializing.
2022-12-06 20:39:10,965 - Default Properties File: org/apache/velocity/runtime/defaults/velocity.properties
2022-12-06 20:39:10,965 - Trying to use logger class org.apache.velocity.runtime.log.SimpleLog4JLogSystem
2022-12-06 20:39:10,965 - Using logger class org.apache.velocity.runtime.log.SimpleLog4JLogSystem
2022-12-06 20:39:10,969 - Default ResourceManager initializing. (class org.apache.velocity.runtime.resource.ResourceManagerImpl)
2022-12-06 20:39:10,972 - Resource Loader Instantiated: org.apache.velocity.runtime.resource.loader.ClasspathResourceLoader
2022-12-06 20:39:10,972 - ClasspathResourceLoader : initialization starting.
2022-12-06 20:39:10,972 - ClasspathResourceLoader : initialization complete.
2022-12-06 20:39:10,973 - ResourceCache : initialized. (class org.apache.velocity.runtime.resource.ResourceCacheImpl)
2022-12-06 20:39:10,974 - Default ResourceManager initialization complete.
2022-12-06 20:39:10,975 - Loaded System Directive: org.apache.velocity.runtime.directive.Literal
2022-12-06 20:39:10,977 - Loaded System Directive: org.apache.velocity.runtime.directive.Macro
2022-12-06 20:39:10,979 - Loaded System Directive: org.apache.velocity.runtime.directive.Parse
2022-12-06 20:39:10,981 - Loaded System Directive: org.apache.velocity.runtime.directive.Include
2022-12-06 20:39:10,982 - Loaded System Directive: org.apache.velocity.runtime.directive.Foreach
2022-12-06 20:39:11,019 - Created: 20 parsers.
2022-12-06 20:39:11,024 - Velocimacro : initialization starting.
2022-12-06 20:39:11,024 - Velocimacro : adding VMs from VM library template : VM_global_library.vm
2022-12-06 20:39:11,027 - ResourceManager : unable to find resource 'VM_global_library.vm' in any resource loader.
2022-12-06 20:39:11,027 - Velocimacro : error using  VM library template VM_global_library.vm : org.apache.velocity.exception.ResourceNotFoundException: Unable to find resource 'VM_global_library.vm'
2022-12-06 20:39:11,027 - Velocimacro :  VM library template macro registration complete.
2022-12-06 20:39:11,027 - Velocimacro : allowInline = true : VMs can be defined inline in templates
2022-12-06 20:39:11,027 - Velocimacro : allowInlineToOverride = false : VMs defined inline may NOT replace previous VM definitions
2022-12-06 20:39:11,027 - Velocimacro : allowInlineLocal = false : VMs defined inline will be  global in scope if allowed.
2022-12-06 20:39:11,027 - Velocimacro : messages on  : VM system will output logging messages
2022-12-06 20:39:11,027 - Velocimacro : autoload off  : VM system will not automatically reload global library macros
2022-12-06 20:39:11,027 - Velocimacro : initialization complete.
2022-12-06 20:39:11,027 - Velocity successfully started.
2022-12-07 09:30:38,780 - SimpleLog4JLogSystem initialized using logfile 'velocity.log'
2022-12-07 09:30:38,781 - ************************************************************** 
2022-12-07 09:30:38,781 - Starting Jakarta Velocity v1.4
2022-12-07 09:30:38,781 - RuntimeInstance initializing.
2022-12-07 09:30:38,781 - Default Properties File: org/apache/velocity/runtime/defaults/velocity.properties
2022-12-07 09:30:38,781 - Trying to use logger class org.apache.velocity.runtime.log.SimpleLog4JLogSystem
2022-12-07 09:30:38,781 - Using logger class org.apache.velocity.runtime.log.SimpleLog4JLogSystem
2022-12-07 09:30:38,784 - Default ResourceManager initializing. (class org.apache.velocity.runtime.resource.ResourceManagerImpl)
2022-12-07 09:30:38,786 - Resource Loader Instantiated: org.apache.velocity.runtime.resource.loader.ClasspathResourceLoader
2022-12-07 09:30:38,787 - ClasspathResourceLoader : initialization starting.
2022-12-07 09:30:38,787 - ClasspathResourceLoader : initialization complete.
2022-12-07 09:30:38,788 - ResourceCache : initialized. (class org.apache.velocity.runtime.resource.ResourceCacheImpl)
2022-12-07 09:30:38,788 - Default ResourceManager initialization complete.
2022-12-07 09:30:38,789 - Loaded System Directive: org.apache.velocity.runtime.directive.Literal
2022-12-07 09:30:38,791 - Loaded System Directive: org.apache.velocity.runtime.directive.Macro
2022-12-07 09:30:38,792 - Loaded System Directive: org.apache.velocity.runtime.directive.Parse
2022-12-07 09:30:38,794 - Loaded System Directive: org.apache.velocity.runtime.directive.Include
2022-12-07 09:30:38,794 - Loaded System Directive: org.apache.velocity.runtime.directive.Foreach
2022-12-07 09:30:38,826 - Created: 20 parsers.
2022-12-07 09:30:38,830 - Velocimacro : initialization starting.
2022-12-07 09:30:38,830 - Velocimacro : adding VMs from VM library template : VM_global_library.vm
2022-12-07 09:30:38,832 - ResourceManager : unable to find resource 'VM_global_library.vm' in any resource loader.
2022-12-07 09:30:38,832 - Velocimacro : error using  VM library template VM_global_library.vm : org.apache.velocity.exception.ResourceNotFoundException: Unable to find resource 'VM_global_library.vm'
2022-12-07 09:30:38,832 - Velocimacro :  VM library template macro registration complete.
2022-12-07 09:30:38,832 - Velocimacro : allowInline = true : VMs can be defined inline in templates
2022-12-07 09:30:38,832 - Velocimacro : allowInlineToOverride = false : VMs defined inline may NOT replace previous VM definitions
2022-12-07 09:30:38,832 - Velocimacro : allowInlineLocal = false : VMs defined inline will be  global in scope if allowed.
2022-12-07 09:30:38,832 - Velocimacro : messages on  : VM system will output logging messages
2022-12-07 09:30:38,832 - Velocimacro : autoload off  : VM system will not automatically reload global library macros
2022-12-07 09:30:38,832 - Velocimacro : initialization complete.
2022-12-07 09:30:38,832 - Velocity successfully started.
2022-12-07 11:43:38,754 - SimpleLog4JLogSystem initialized using logfile 'velocity.log'
2022-12-07 11:43:38,756 - ************************************************************** 
2022-12-07 11:43:38,756 - Starting Jakarta Velocity v1.4
2022-12-07 11:43:38,756 - RuntimeInstance initializing.
2022-12-07 11:43:38,756 - Default Properties File: org/apache/velocity/runtime/defaults/velocity.properties
2022-12-07 11:43:38,756 - Trying to use logger class org.apache.velocity.runtime.log.SimpleLog4JLogSystem
2022-12-07 11:43:38,756 - Using logger class org.apache.velocity.runtime.log.SimpleLog4JLogSystem
2022-12-07 11:43:38,759 - Default ResourceManager initializing. (class org.apache.velocity.runtime.resource.ResourceManagerImpl)
2022-12-07 11:43:38,762 - Resource Loader Instantiated: org.apache.velocity.runtime.resource.loader.ClasspathResourceLoader
2022-12-07 11:43:38,762 - ClasspathResourceLoader : initialization starting.
2022-12-07 11:43:38,763 - ClasspathResourceLoader : initialization complete.
2022-12-07 11:43:38,763 - ResourceCache : initialized. (class org.apache.velocity.runtime.resource.ResourceCacheImpl)
2022-12-07 11:43:38,764 - Default ResourceManager initialization complete.
2022-12-07 11:43:38,765 - Loaded System Directive: org.apache.velocity.runtime.directive.Literal
2022-12-07 11:43:38,767 - Loaded System Directive: org.apache.velocity.runtime.directive.Macro
2022-12-07 11:43:38,770 - Loaded System Directive: org.apache.velocity.runtime.directive.Parse
2022-12-07 11:43:38,771 - Loaded System Directive: org.apache.velocity.runtime.directive.Include
2022-12-07 11:43:38,771 - Loaded System Directive: org.apache.velocity.runtime.directive.Foreach
2022-12-07 11:43:38,804 - Created: 20 parsers.
2022-12-07 11:43:38,810 - Velocimacro : initialization starting.
2022-12-07 11:43:38,810 - Velocimacro : adding VMs from VM library template : VM_global_library.vm
2022-12-07 11:43:38,815 - ResourceManager : unable to find resource 'VM_global_library.vm' in any resource loader.
2022-12-07 11:43:38,815 - Velocimacro : error using  VM library template VM_global_library.vm : org.apache.velocity.exception.ResourceNotFoundException: Unable to find resource 'VM_global_library.vm'
2022-12-07 11:43:38,815 - Velocimacro :  VM library template macro registration complete.
2022-12-07 11:43:38,815 - Velocimacro : allowInline = true : VMs can be defined inline in templates
2022-12-07 11:43:38,815 - Velocimacro : allowInlineToOverride = false : VMs defined inline may NOT replace previous VM definitions
2022-12-07 11:43:38,815 - Velocimacro : allowInlineLocal = false : VMs defined inline will be  global in scope if allowed.
2022-12-07 11:43:38,815 - Velocimacro : messages on  : VM system will output logging messages
2022-12-07 11:43:38,817 - Velocimacro : autoload off  : VM system will not automatically reload global library macros
2022-12-07 11:43:38,817 - Velocimacro : initialization complete.
2022-12-07 11:43:38,817 - Velocity successfully started.
2022-12-07 11:45:22,001 - ResourceManager : found repast/simphony/parameter/parameters.vt with loader org.apache.velocity.runtime.resource.loader.ClasspathResourceLoader
2022-12-07 11:45:27,921 - ResourceManager : found repast/simphony/parameter/parameters.vt with loader org.apache.velocity.runtime.resource.loader.ClasspathResourceLoader
2022-12-07 11:47:48,387 - ResourceManager : found repast/simphony/scenario/Scenario.vt with loader org.apache.velocity.runtime.resource.loader.ClasspathResourceLoader
2022-12-07 11:47:58,027 - SimpleLog4JLogSystem initialized using logfile 'velocity.log'
2022-12-07 11:47:58,027 - ************************************************************** 
2022-12-07 11:47:58,027 - Starting Jakarta Velocity v1.4
2022-12-07 11:47:58,027 - RuntimeInstance initializing.
2022-12-07 11:47:58,027 - Default Properties File: org/apache/velocity/runtime/defaults/velocity.properties
2022-12-07 11:47:58,027 - Trying to use logger class org.apache.velocity.runtime.log.SimpleLog4JLogSystem
2022-12-07 11:47:58,027 - Using logger class org.apache.velocity.runtime.log.SimpleLog4JLogSystem
2022-12-07 11:47:58,029 - Default ResourceManager initializing. (class org.apache.velocity.runtime.resource.ResourceManagerImpl)
2022-12-07 11:47:58,031 - Resource Loader Instantiated: org.apache.velocity.runtime.resource.loader.ClasspathResourceLoader
2022-12-07 11:47:58,031 - ClasspathResourceLoader : initialization starting.
2022-12-07 11:47:58,031 - ClasspathResourceLoader : initialization complete.
2022-12-07 11:47:58,032 - ResourceCache : initialized. (class org.apache.velocity.runtime.resource.ResourceCacheImpl)
2022-12-07 11:47:58,032 - Default ResourceManager initialization complete.
2022-12-07 11:47:58,034 - Loaded System Directive: org.apache.velocity.runtime.directive.Literal
2022-12-07 11:47:58,035 - Loaded System Directive: org.apache.velocity.runtime.directive.Macro
2022-12-07 11:47:58,037 - Loaded System Directive: org.apache.velocity.runtime.directive.Parse
2022-12-07 11:47:58,039 - Loaded System Directive: org.apache.velocity.runtime.directive.Include
2022-12-07 11:47:58,040 - Loaded System Directive: org.apache.velocity.runtime.directive.Foreach
2022-12-07 11:47:58,062 - Created: 20 parsers.
2022-12-07 11:47:58,064 - Velocimacro : initialization starting.
2022-12-07 11:47:58,064 - Velocimacro : adding VMs from VM library template : VM_global_library.vm
2022-12-07 11:47:58,066 - ResourceManager : unable to find resource 'VM_global_library.vm' in any resource loader.
2022-12-07 11:47:58,066 - Velocimacro : error using  VM library template VM_global_library.vm : org.apache.velocity.exception.ResourceNotFoundException: Unable to find resource 'VM_global_library.vm'
2022-12-07 11:47:58,066 - Velocimacro :  VM library template macro registration complete.
2022-12-07 11:47:58,066 - Velocimacro : allowInline = true : VMs can be defined inline in templates
2022-12-07 11:47:58,067 - Velocimacro : allowInlineToOverride = false : VMs defined inline may NOT replace previous VM definitions
2022-12-07 11:47:58,067 - Velocimacro : allowInlineLocal = false : VMs defined inline will be  global in scope if allowed.
2022-12-07 11:47:58,067 - Velocimacro : messages on  : VM system will output logging messages
2022-12-07 11:47:58,067 - Velocimacro : autoload off  : VM system will not automatically reload global library macros
2022-12-07 11:47:58,067 - Velocimacro : initialization complete.
2022-12-07 11:47:58,067 - Velocity successfully started.
2022-12-07 11:49:32,444 - SimpleLog4JLogSystem initialized using logfile 'velocity.log'
2022-12-07 11:49:32,445 - ************************************************************** 
2022-12-07 11:49:32,445 - Starting Jakarta Velocity v1.4
2022-12-07 11:49:32,445 - RuntimeInstance initializing.
2022-12-07 11:49:32,445 - Default Properties File: org/apache/velocity/runtime/defaults/velocity.properties
2022-12-07 11:49:32,445 - Trying to use logger class org.apache.velocity.runtime.log.SimpleLog4JLogSystem
2022-12-07 11:49:32,445 - Using logger class org.apache.velocity.runtime.log.SimpleLog4JLogSystem
2022-12-07 11:49:32,447 - Default ResourceManager initializing. (class org.apache.velocity.runtime.resource.ResourceManagerImpl)
2022-12-07 11:49:32,449 - Resource Loader Instantiated: org.apache.velocity.runtime.resource.loader.ClasspathResourceLoader
2022-12-07 11:49:32,449 - ClasspathResourceLoader : initialization starting.
2022-12-07 11:49:32,449 - ClasspathResourceLoader : initialization complete.
2022-12-07 11:49:32,451 - ResourceCache : initialized. (class org.apache.velocity.runtime.resource.ResourceCacheImpl)
2022-12-07 11:49:32,451 - Default ResourceManager initialization complete.
2022-12-07 11:49:32,452 - Loaded System Directive: org.apache.velocity.runtime.directive.Literal
2022-12-07 11:49:32,453 - Loaded System Directive: org.apache.velocity.runtime.directive.Macro
2022-12-07 11:49:32,455 - Loaded System Directive: org.apache.velocity.runtime.directive.Parse
2022-12-07 11:49:32,456 - Loaded System Directive: org.apache.velocity.runtime.directive.Include
2022-12-07 11:49:32,457 - Loaded System Directive: org.apache.velocity.runtime.directive.Foreach
2022-12-07 11:49:32,483 - Created: 20 parsers.
2022-12-07 11:49:32,487 - Velocimacro : initialization starting.
2022-12-07 11:49:32,487 - Velocimacro : adding VMs from VM library template : VM_global_library.vm
2022-12-07 11:49:32,490 - ResourceManager : unable to find resource 'VM_global_library.vm' in any resource loader.
2022-12-07 11:49:32,490 - Velocimacro : error using  VM library template VM_global_library.vm : org.apache.velocity.exception.ResourceNotFoundException: Unable to find resource 'VM_global_library.vm'
2022-12-07 11:49:32,490 - Velocimacro :  VM library template macro registration complete.
2022-12-07 11:49:32,490 - Velocimacro : allowInline = true : VMs can be defined inline in templates
2022-12-07 11:49:32,490 - Velocimacro : allowInlineToOverride = false : VMs defined inline may NOT replace previous VM definitions
2022-12-07 11:49:32,490 - Velocimacro : allowInlineLocal = false : VMs defined inline will be  global in scope if allowed.
2022-12-07 11:49:32,490 - Velocimacro : messages on  : VM system will output logging messages
2022-12-07 11:49:32,490 - Velocimacro : autoload off  : VM system will not automatically reload global library macros
2022-12-07 11:49:32,490 - Velocimacro : initialization complete.
2022-12-07 11:49:32,490 - Velocity successfully started.
2022-12-07 12:35:32,847 - ResourceManager : found repast/simphony/scenario/Scenario.vt with loader org.apache.velocity.runtime.resource.loader.ClasspathResourceLoader
2022-12-07 13:43:51,008 - SimpleLog4JLogSystem initialized using logfile 'velocity.log'
2022-12-07 13:43:51,009 - ************************************************************** 
2022-12-07 13:43:51,009 - Starting Jakarta Velocity v1.4
2022-12-07 13:43:51,009 - RuntimeInstance initializing.
2022-12-07 13:43:51,009 - Default Properties File: org/apache/velocity/runtime/defaults/velocity.properties
2022-12-07 13:43:51,009 - Trying to use logger class org.apache.velocity.runtime.log.SimpleLog4JLogSystem
2022-12-07 13:43:51,009 - Using logger class org.apache.velocity.runtime.log.SimpleLog4JLogSystem
2022-12-07 13:43:51,011 - Default ResourceManager initializing. (class org.apache.velocity.runtime.resource.ResourceManagerImpl)
2022-12-07 13:43:51,012 - Resource Loader Instantiated: org.apache.velocity.runtime.resource.loader.ClasspathResourceLoader
2022-12-07 13:43:51,012 - ClasspathResourceLoader : initialization starting.
2022-12-07 13:43:51,012 - ClasspathResourceLoader : initialization complete.
2022-12-07 13:43:51,013 - ResourceCache : initialized. (class org.apache.velocity.runtime.resource.ResourceCacheImpl)
2022-12-07 13:43:51,013 - Default ResourceManager initialization complete.
2022-12-07 13:43:51,014 - Loaded System Directive: org.apache.velocity.runtime.directive.Literal
2022-12-07 13:43:51,015 - Loaded System Directive: org.apache.velocity.runtime.directive.Macro
2022-12-07 13:43:51,017 - Loaded System Directive: org.apache.velocity.runtime.directive.Parse
2022-12-07 13:43:51,018 - Loaded System Directive: org.apache.velocity.runtime.directive.Include
2022-12-07 13:43:51,019 - Loaded System Directive: org.apache.velocity.runtime.directive.Foreach
2022-12-07 13:43:51,041 - Created: 20 parsers.
2022-12-07 13:43:51,044 - Velocimacro : initialization starting.
2022-12-07 13:43:51,044 - Velocimacro : adding VMs from VM library template : VM_global_library.vm
2022-12-07 13:43:51,046 - ResourceManager : unable to find resource 'VM_global_library.vm' in any resource loader.
2022-12-07 13:43:51,046 - Velocimacro : error using  VM library template VM_global_library.vm : org.apache.velocity.exception.ResourceNotFoundException: Unable to find resource 'VM_global_library.vm'
2022-12-07 13:43:51,047 - Velocimacro :  VM library template macro registration complete.
2022-12-07 13:43:51,047 - Velocimacro : allowInline = true : VMs can be defined inline in templates
2022-12-07 13:43:51,047 - Velocimacro : allowInlineToOverride = false : VMs defined inline may NOT replace previous VM definitions
2022-12-07 13:43:51,047 - Velocimacro : allowInlineLocal = false : VMs defined inline will be  global in scope if allowed.
2022-12-07 13:43:51,047 - Velocimacro : messages on  : VM system will output logging messages
2022-12-07 13:43:51,047 - Velocimacro : autoload off  : VM system will not automatically reload global library macros
2022-12-07 13:43:51,047 - Velocimacro : initialization complete.
2022-12-07 13:43:51,047 - Velocity successfully started.
2022-12-07 13:49:51,394 - ResourceManager : found repast/simphony/scenario/Scenario.vt with loader org.apache.velocity.runtime.resource.loader.ClasspathResourceLoader
2022-12-07 13:50:21,562 - SimpleLog4JLogSystem initialized using logfile 'velocity.log'
2022-12-07 13:50:21,563 - ************************************************************** 
2022-12-07 13:50:21,563 - Starting Jakarta Velocity v1.4
2022-12-07 13:50:21,563 - RuntimeInstance initializing.
2022-12-07 13:50:21,563 - Default Properties File: org/apache/velocity/runtime/defaults/velocity.properties
2022-12-07 13:50:21,563 - Trying to use logger class org.apache.velocity.runtime.log.SimpleLog4JLogSystem
2022-12-07 13:50:21,563 - Using logger class org.apache.velocity.runtime.log.SimpleLog4JLogSystem
2022-12-07 13:50:21,565 - Default ResourceManager initializing. (class org.apache.velocity.runtime.resource.ResourceManagerImpl)
2022-12-07 13:50:21,566 - Resource Loader Instantiated: org.apache.velocity.runtime.resource.loader.ClasspathResourceLoader
2022-12-07 13:50:21,566 - ClasspathResourceLoader : initialization starting.
2022-12-07 13:50:21,566 - ClasspathResourceLoader : initialization complete.
2022-12-07 13:50:21,567 - ResourceCache : initialized. (class org.apache.velocity.runtime.resource.ResourceCacheImpl)
2022-12-07 13:50:21,567 - Default ResourceManager initialization complete.
2022-12-07 13:50:21,568 - Loaded System Directive: org.apache.velocity.runtime.directive.Literal
2022-12-07 13:50:21,569 - Loaded System Directive: org.apache.velocity.runtime.directive.Macro
2022-12-07 13:50:21,571 - Loaded System Directive: org.apache.velocity.runtime.directive.Parse
2022-12-07 13:50:21,572 - Loaded System Directive: org.apache.velocity.runtime.directive.Include
2022-12-07 13:50:21,572 - Loaded System Directive: org.apache.velocity.runtime.directive.Foreach
2022-12-07 13:50:21,595 - Created: 20 parsers.
2022-12-07 13:50:21,598 - Velocimacro : initialization starting.
2022-12-07 13:50:21,598 - Velocimacro : adding VMs from VM library template : VM_global_library.vm
2022-12-07 13:50:21,599 - ResourceManager : unable to find resource 'VM_global_library.vm' in any resource loader.
2022-12-07 13:50:21,600 - Velocimacro : error using  VM library template VM_global_library.vm : org.apache.velocity.exception.ResourceNotFoundException: Unable to find resource 'VM_global_library.vm'
2022-12-07 13:50:21,600 - Velocimacro :  VM library template macro registration complete.
2022-12-07 13:50:21,600 - Velocimacro : allowInline = true : VMs can be defined inline in templates
2022-12-07 13:50:21,600 - Velocimacro : allowInlineToOverride = false : VMs defined inline may NOT replace previous VM definitions
2022-12-07 13:50:21,600 - Velocimacro : allowInlineLocal = false : VMs defined inline will be  global in scope if allowed.
2022-12-07 13:50:21,600 - Velocimacro : messages on  : VM system will output logging messages
2022-12-07 13:50:21,600 - Velocimacro : autoload off  : VM system will not automatically reload global library macros
2022-12-07 13:50:21,600 - Velocimacro : initialization complete.
2022-12-07 13:50:21,600 - Velocity successfully started.
2022-12-07 13:53:27,339 - SimpleLog4JLogSystem initialized using logfile 'velocity.log'
2022-12-07 13:53:27,340 - ************************************************************** 
2022-12-07 13:53:27,340 - Starting Jakarta Velocity v1.4
2022-12-07 13:53:27,340 - RuntimeInstance initializing.
2022-12-07 13:53:27,340 - Default Properties File: org/apache/velocity/runtime/defaults/velocity.properties
2022-12-07 13:53:27,340 - Trying to use logger class org.apache.velocity.runtime.log.SimpleLog4JLogSystem
2022-12-07 13:53:27,341 - Using logger class org.apache.velocity.runtime.log.SimpleLog4JLogSystem
2022-12-07 13:53:27,342 - Default ResourceManager initializing. (class org.apache.velocity.runtime.resource.ResourceManagerImpl)
2022-12-07 13:53:27,344 - Resource Loader Instantiated: org.apache.velocity.runtime.resource.loader.ClasspathResourceLoader
2022-12-07 13:53:27,344 - ClasspathResourceLoader : initialization starting.
2022-12-07 13:53:27,344 - ClasspathResourceLoader : initialization complete.
2022-12-07 13:53:27,345 - ResourceCache : initialized. (class org.apache.velocity.runtime.resource.ResourceCacheImpl)
2022-12-07 13:53:27,345 - Default ResourceManager initialization complete.
2022-12-07 13:53:27,346 - Loaded System Directive: org.apache.velocity.runtime.directive.Literal
2022-12-07 13:53:27,347 - Loaded System Directive: org.apache.velocity.runtime.directive.Macro
2022-12-07 13:53:27,349 - Loaded System Directive: org.apache.velocity.runtime.directive.Parse
2022-12-07 13:53:27,350 - Loaded System Directive: org.apache.velocity.runtime.directive.Include
2022-12-07 13:53:27,351 - Loaded System Directive: org.apache.velocity.runtime.directive.Foreach
2022-12-07 13:53:27,375 - Created: 20 parsers.
2022-12-07 13:53:27,378 - Velocimacro : initialization starting.
2022-12-07 13:53:27,378 - Velocimacro : adding VMs from VM library template : VM_global_library.vm
2022-12-07 13:53:27,380 - ResourceManager : unable to find resource 'VM_global_library.vm' in any resource loader.
2022-12-07 13:53:27,381 - Velocimacro : error using  VM library template VM_global_library.vm : org.apache.velocity.exception.ResourceNotFoundException: Unable to find resource 'VM_global_library.vm'
2022-12-07 13:53:27,381 - Velocimacro :  VM library template macro registration complete.
2022-12-07 13:53:27,381 - Velocimacro : allowInline = true : VMs can be defined inline in templates
2022-12-07 13:53:27,381 - Velocimacro : allowInlineToOverride = false : VMs defined inline may NOT replace previous VM definitions
2022-12-07 13:53:27,381 - Velocimacro : allowInlineLocal = false : VMs defined inline will be  global in scope if allowed.
2022-12-07 13:53:27,381 - Velocimacro : messages on  : VM system will output logging messages
2022-12-07 13:53:27,381 - Velocimacro : autoload off  : VM system will not automatically reload global library macros
2022-12-07 13:53:27,381 - Velocimacro : initialization complete.
2022-12-07 13:53:27,381 - Velocity successfully started.
2022-12-07 16:04:25,304 - ResourceManager : found repast/simphony/scenario/Scenario.vt with loader org.apache.velocity.runtime.resource.loader.ClasspathResourceLoader
2022-12-07 16:04:57,042 - SimpleLog4JLogSystem initialized using logfile 'velocity.log'
2022-12-07 16:04:57,044 - ************************************************************** 
2022-12-07 16:04:57,044 - Starting Jakarta Velocity v1.4
2022-12-07 16:04:57,044 - RuntimeInstance initializing.
2022-12-07 16:04:57,044 - Default Properties File: org/apache/velocity/runtime/defaults/velocity.properties
2022-12-07 16:04:57,044 - Trying to use logger class org.apache.velocity.runtime.log.SimpleLog4JLogSystem
2022-12-07 16:04:57,044 - Using logger class org.apache.velocity.runtime.log.SimpleLog4JLogSystem
2022-12-07 16:04:57,045 - Default ResourceManager initializing. (class org.apache.velocity.runtime.resource.ResourceManagerImpl)
2022-12-07 16:04:57,047 - Resource Loader Instantiated: org.apache.velocity.runtime.resource.loader.ClasspathResourceLoader
2022-12-07 16:04:57,047 - ClasspathResourceLoader : initialization starting.
2022-12-07 16:04:57,047 - ClasspathResourceLoader : initialization complete.
2022-12-07 16:04:57,048 - ResourceCache : initialized. (class org.apache.velocity.runtime.resource.ResourceCacheImpl)
2022-12-07 16:04:57,048 - Default ResourceManager initialization complete.
2022-12-07 16:04:57,049 - Loaded System Directive: org.apache.velocity.runtime.directive.Literal
2022-12-07 16:04:57,050 - Loaded System Directive: org.apache.velocity.runtime.directive.Macro
2022-12-07 16:04:57,052 - Loaded System Directive: org.apache.velocity.runtime.directive.Parse
2022-12-07 16:04:57,053 - Loaded System Directive: org.apache.velocity.runtime.directive.Include
2022-12-07 16:04:57,054 - Loaded System Directive: org.apache.velocity.runtime.directive.Foreach
2022-12-07 16:04:57,082 - Created: 20 parsers.
2022-12-07 16:04:57,087 - Velocimacro : initialization starting.
2022-12-07 16:04:57,087 - Velocimacro : adding VMs from VM library template : VM_global_library.vm
2022-12-07 16:04:57,089 - ResourceManager : unable to find resource 'VM_global_library.vm' in any resource loader.
2022-12-07 16:04:57,089 - Velocimacro : error using  VM library template VM_global_library.vm : org.apache.velocity.exception.ResourceNotFoundException: Unable to find resource 'VM_global_library.vm'
2022-12-07 16:04:57,090 - Velocimacro :  VM library template macro registration complete.
2022-12-07 16:04:57,090 - Velocimacro : allowInline = true : VMs can be defined inline in templates
2022-12-07 16:04:57,090 - Velocimacro : allowInlineToOverride = false : VMs defined inline may NOT replace previous VM definitions
2022-12-07 16:04:57,090 - Velocimacro : allowInlineLocal = false : VMs defined inline will be  global in scope if allowed.
2022-12-07 16:04:57,090 - Velocimacro : messages on  : VM system will output logging messages
2022-12-07 16:04:57,090 - Velocimacro : autoload off  : VM system will not automatically reload global library macros
2022-12-07 16:04:57,090 - Velocimacro : initialization complete.
2022-12-07 16:04:57,090 - Velocity successfully started.
